<?xml version="1.0" encoding="UTF-8"?>
<!-- Generated by org.testng.reporters.JUnitReportReporter -->
<testsuite ignored="0" hostname="DESKTOP-CBJGJ9S" failures="0" tests="1" name="test.WahooTest" time="5.101" errors="0" timestamp="28 Oct 2022 01:06:44 GMT" skipped="0">
  <testcase classname="test.WahooTest" name="order" time="5.101"/>
</testsuite> <!-- test.WahooTest -->
